TAG: 2.14.5-clone(24011893)
PERMISSION: APP
ABI: arm64-v8a
MODEL: TECNO KJ6
SDK: 33
RELEASE: 13
TARGET_SDK: 30
---StackTrace---
java.lang.NullPointerException: Attempt to invoke virtual method 'java.lang.Class java.lang.Object.getClass()' on a null object reference
	at l.ۡۛۢۥ.requireNonNull(Unknown Source:0)
	at l.ۨۧ۠.ۨۥ(GB36:1676)
	at l.۬۟۠.ۥ(B589:148)
	at l.۟ۗ۠.ۡ(H695:1431)
	at l.۟ۗ۠.۬(H695:0)
	at l.ۥۗ۠.onTouch(369N:4067)
	at android.view.View.dispatchTouchEvent(View.java:15061)
	at android.view.ViewGroup.dispatchTransformedTouchEvent(ViewGroup.java:3207)
	at android.view.ViewGroup.dispatchTouchEvent(ViewGroup.java:2852)
	at android.view.ViewGroup.dispatchTransformedTouchEvent(ViewGroup.java:3207)
	at android.view.ViewGroup.dispatchTouchEvent(ViewGroup.java:2852)
	at android.view.ViewGroup.dispatchTransformedTouchEvent(ViewGroup.java:3207)
	at android.view.ViewGroup.dispatchTouchEvent(ViewGroup.java:2852)
	at android.view.ViewGroup.dispatchTransformedTouchEvent(ViewGroup.java:3207)
	at android.view.ViewGroup.dispatchTouchEvent(ViewGroup.java:2852)
	at android.view.ViewGroup.dispatchTransformedTouchEvent(ViewGroup.java:3207)
	at android.view.ViewGroup.dispatchTouchEvent(ViewGroup.java:2852)
	at android.view.ViewGroup.dispatchTransformedTouchEvent(ViewGroup.java:3207)
	at android.view.ViewGroup.dispatchTouchEvent(ViewGroup.java:2852)
	at android.view.ViewGroup.dispatchTransformedTouchEvent(ViewGroup.java:3207)
	at android.view.ViewGroup.dispatchTouchEvent(ViewGroup.java:2852)
	at android.view.ViewGroup.dispatchTransformedTouchEvent(ViewGroup.java:3207)
	at android.view.ViewGroup.dispatchTouchEvent(ViewGroup.java:2852)
	at android.view.ViewGroup.dispatchTransformedTouchEvent(ViewGroup.java:3207)
	at android.view.ViewGroup.dispatchTouchEvent(ViewGroup.java:2852)
	at android.view.ViewGroup.dispatchTransformedTouchEvent(ViewGroup.java:3207)
	at android.view.ViewGroup.dispatchTouchEvent(ViewGroup.java:2852)
	at com.android.internal.policy.DecorView.superDispatchTouchEvent(DecorView.java:523)
	at com.android.internal.policy.PhoneWindow.superDispatchTouchEvent(PhoneWindow.java:1928)
	at android.app.Activity.dispatchTouchEvent(Activity.java:4293)
	at l.ۥۘ.dispatchTouchEvent(V54T:70)
	at com.android.internal.policy.DecorView.dispatchTouchEvent(DecorView.java:481)
	at android.view.View.dispatchPointerEvent(View.java:15333)
	at android.view.ViewRootImpl$ViewPostImeInputStage.processPointerEvent(ViewRootImpl.java:7003)
	at android.view.ViewRootImpl$ViewPostImeInputStage.onProcess(ViewRootImpl.java:6784)
	at android.view.ViewRootImpl$InputStage.deliver(ViewRootImpl.java:6236)
	at android.view.ViewRootImpl$InputStage.onDeliverToNext(ViewRootImpl.java:6293)
	at android.view.ViewRootImpl$InputStage.forward(ViewRootImpl.java:6259)
	at android.view.ViewRootImpl$AsyncInputStage.forward(ViewRootImpl.java:6424)
	at android.view.ViewRootImpl$InputStage.apply(ViewRootImpl.java:6267)
	at android.view.ViewRootImpl$AsyncInputStage.apply(ViewRootImpl.java:6481)
	at android.view.ViewRootImpl$InputStage.deliver(ViewRootImpl.java:6240)
	at android.view.ViewRootImpl$InputStage.onDeliverToNext(ViewRootImpl.java:6293)
	at android.view.ViewRootImpl$InputStage.forward(ViewRootImpl.java:6259)
	at android.view.ViewRootImpl$InputStage.apply(ViewRootImpl.java:6267)
	at android.view.ViewRootImpl$InputStage.deliver(ViewRootImpl.java:6240)
	at android.view.ViewRootImpl.deliverInputEvent(ViewRootImpl.java:9460)
	at android.view.ViewRootImpl.doProcessInputEvents(ViewRootImpl.java:9411)
	at android.view.ViewRootImpl.enqueueInputEvent(ViewRootImpl.java:9343)
	at android.view.ViewRootImpl$WindowInputEventReceiver.onInputEvent(ViewRootImpl.java:9592)
	at android.view.InputEventReceiver.dispatchInputEvent(InputEventReceiver.java:267)
	at android.os.MessageQueue.nativePollOnce(Native Method)
	at android.os.MessageQueue.next(MessageQueue.java:335)
	at android.os.Looper.loopOnce(Looper.java:164)
	at android.os.Looper.loop(Looper.java:291)
	at android.app.ActivityThread.main(ActivityThread.java:8155)
	at java.lang.reflect.Method.invoke(Native Method)
	at com.android.internal.os.RuntimeInit$MethodAndArgsCaller.run(RuntimeInit.java:601)
	at com.android.internal.os.ZygoteInit.main(ZygoteInit.java:1136)
